<?xml version="1.0" encoding="UTF-8"?>
<testsuite name="ru.stqa.pft.addressbook.tests.GroupModificationTests" tests="1" skipped="0" failures="0" errors="0" timestamp="2018-02-02T09:54:10" hostname="dsud-lyubchenko" time="2.923">
  <properties/>
  <testcase name="groupModificationTests" classname="ru.stqa.pft.addressbook.tests.GroupModificationTests" time="2.923"/>
  <system-out><![CDATA[]]></system-out>
  <system-err><![CDATA[]]></system-err>
</testsuite>
