<?xml version="1.0" encoding="UTF-8"?>
<testsuite name="ru.stqa.pft.addressbook.tests.ContactCreationTests" tests="2" skipped="0" failures="0" errors="0" timestamp="2018-02-02T09:52:51" hostname="dsud-lyubchenko" time="16.12">
  <properties/>
  <testcase name="contactCreationTests[0](ru.stqa.pft.addressbook.model.NewContactData@bb7f571)" classname="ru.stqa.pft.addressbook.tests.ContactCreationTests" time="7.878"/>
  <testcase name="contactCreationTests[1](ru.stqa.pft.addressbook.model.NewContactData@44305828)" classname="ru.stqa.pft.addressbook.tests.ContactCreationTests" time="8.241"/>
  <system-out><![CDATA[]]></system-out>
  <system-err><![CDATA[]]></system-err>
</testsuite>
